<?xml version="1.0" encoding="UTF-8" standalone="yes"?>
<results>
    <results>
        <entry>
            <key/>
            <value>
                <finishTime/>
                <startTime/>
            </value>
        </entry>
        <entry>
            <key/>
            <value>
                <finishTime/>
                <startTime/>
            </value>
        </entry>
        <entry>
            <key/>
            <value>
                <finishTime/>
                <startTime/>
            </value>
        </entry>
        <entry>
            <key/>
            <value>
                <finishTime/>
                <startTime/>
            </value>
        </entry>
    </results>
</results>
